{"total": {"lines":{"total":1075,"covered":934,"skipped":0,"pct":86.88},"statements":{"total":1075,"covered":934,"skipped":0,"pct":86.88},"functions":{"total":53,"covered":51,"skipped":0,"pct":96.22},"branches":{"total":305,"covered":245,"skipped":0,"pct":80.32},"branchesTrue":{"total":0,"covered":0,"skipped":0,"pct":100}}
,"C:\\Users\\nsimb\\Projects\\training-john\\training-john\\expenses\\src\\expense-cli.js": {"lines":{"total":96,"covered":52,"skipped":0,"pct":54.16},"functions":{"total":5,"covered":3,"skipped":0,"pct":60},"statements":{"total":96,"covered":52,"skipped":0,"pct":54.16},"branches":{"total":6,"covered":3,"skipped":0,"pct":50}}
,"C:\\Users\\nsimb\\Projects\\training-john\\training-john\\expenses\\src\\expense-core.js": {"lines":{"total":123,"covered":121,"skipped":0,"pct":98.37},"functions":{"total":8,"covered":8,"skipped":0,"pct":100},"statements":{"total":123,"covered":121,"skipped":0,"pct":98.37},"branches":{"total":37,"covered":35,"skipped":0,"pct":94.59}}
,"C:\\Users\\nsimb\\Projects\\training-john\\training-john\\hello\\src\\hello-core.js": {"lines":{"total":49,"covered":47,"skipped":0,"pct":95.91},"functions":{"total":2,"covered":2,"skipped":0,"pct":100},"statements":{"total":49,"covered":47,"skipped":0,"pct":95.91},"branches":{"total":11,"covered":8,"skipped":0,"pct":72.72}}
,"C:\\Users\\nsimb\\Projects\\training-john\\training-john\\jokes\\src\\joke.js": {"lines":{"total":38,"covered":31,"skipped":0,"pct":81.57},"functions":{"total":1,"covered":1,"skipped":0,"pct":100},"statements":{"total":38,"covered":31,"skipped":0,"pct":81.57},"branches":{"total":9,"covered":5,"skipped":0,"pct":55.55}}
,"C:\\Users\\nsimb\\Projects\\training-john\\training-john\\jokes\\src\\jokes-core.js": {"lines":{"total":101,"covered":101,"skipped":0,"pct":100},"functions":{"total":4,"covered":4,"skipped":0,"pct":100},"statements":{"total":101,"covered":101,"skipped":0,"pct":100},"branches":{"total":22,"covered":21,"skipped":0,"pct":95.45}}
,"C:\\Users\\nsimb\\Projects\\training-john\\training-john\\quote\\src\\quote-cli.js": {"lines":{"total":47,"covered":40,"skipped":0,"pct":85.1},"functions":{"total":1,"covered":1,"skipped":0,"pct":100},"statements":{"total":47,"covered":40,"skipped":0,"pct":85.1},"branches":{"total":6,"covered":5,"skipped":0,"pct":83.33}}
,"C:\\Users\\nsimb\\Projects\\training-john\\training-john\\quote\\src\\quote-core.js": {"lines":{"total":102,"covered":92,"skipped":0,"pct":90.19},"functions":{"total":5,"covered":5,"skipped":0,"pct":100},"statements":{"total":102,"covered":92,"skipped":0,"pct":90.19},"branches":{"total":37,"covered":24,"skipped":0,"pct":64.86}}
,"C:\\Users\\nsimb\\Projects\\training-john\\training-john\\stopwatch\\src\\stopwatch-core.js": {"lines":{"total":136,"covered":124,"skipped":0,"pct":91.17},"functions":{"total":9,"covered":9,"skipped":0,"pct":100},"statements":{"total":136,"covered":124,"skipped":0,"pct":91.17},"branches":{"total":32,"covered":24,"skipped":0,"pct":75}}
,"C:\\Users\\nsimb\\Projects\\training-john\\training-john\\temp-converter\\src\\temp-converter-core.js": {"lines":{"total":80,"covered":73,"skipped":0,"pct":91.25},"functions":{"total":2,"covered":2,"skipped":0,"pct":100},"statements":{"total":80,"covered":73,"skipped":0,"pct":91.25},"branches":{"total":32,"covered":29,"skipped":0,"pct":90.62}}
,"C:\\Users\\nsimb\\Projects\\training-john\\training-john\\todo\\src\\todo-cli.js": {"lines":{"total":164,"covered":126,"skipped":0,"pct":76.82},"functions":{"total":6,"covered":6,"skipped":0,"pct":100},"statements":{"total":164,"covered":126,"skipped":0,"pct":76.82},"branches":{"total":40,"covered":32,"skipped":0,"pct":80}}
,"C:\\Users\\nsimb\\Projects\\training-john\\training-john\\todo\\src\\todo-core.js": {"lines":{"total":139,"covered":127,"skipped":0,"pct":91.36},"functions":{"total":10,"covered":10,"skipped":0,"pct":100},"statements":{"total":139,"covered":127,"skipped":0,"pct":91.36},"branches":{"total":73,"covered":59,"skipped":0,"pct":80.82}}
}
