{"total": {"lines":{"total":123,"covered":121,"skipped":0,"pct":98.37},"statements":{"total":123,"covered":121,"skipped":0,"pct":98.37},"functions":{"total":8,"covered":8,"skipped":0,"pct":100},"branches":{"total":35,"covered":33,"skipped":0,"pct":94.28},"branchesTrue":{"total":0,"covered":0,"skipped":0,"pct":"Unknown"}}
,"C:\\Users\\nsimb\\Projects\\training-john\\training-john\\expenses\\src\\expense-core.js": {"lines":{"total":123,"covered":121,"skipped":0,"pct":98.37},"functions":{"total":8,"covered":8,"skipped":0,"pct":100},"statements":{"total":123,"covered":121,"skipped":0,"pct":98.37},"branches":{"total":35,"covered":33,"skipped":0,"pct":94.28}}
}
